(0000) 3000  0011000000000000 (  11)                 .ORIG x3000
(3000) 225E  0010001001011110 (  13)                 LD    R1 SCORES1
(3001) 245E  0010010001011110 (  14)                 LD    R2 SCORES2
(3002) 265E  0010011001011110 (  15)                 LD    R3 SCORES3
(3003) 5920  0101100100100000 (  17)                 AND   R4 R4 #0
(3004) 5020  0101000000100000 (  18)                 AND   R0 R0 #0
(3005) E01D  1110000000011101 (  20) INLOOP          LEA   R0 MESG1
(3006) F022  1111000000100010 (  21)                 TRAP  x22
(3007) 5020  0101000000100000 (  22)                 AND   R0 R0 #0
(3008) F020  1111000000100000 (  23)                 TRAP  x20
(3009) F021  1111000000100001 (  25)                 TRAP  x21
(300A) 7040  0111000001000000 (  26)                 STR   R0 R1 #0
(300B) 1261  0001001001100001 (  27)                 ADD   R1 R1 #1
(300C) F020  1111000000100000 (  29)                 TRAP  x20
(300D) F021  1111000000100001 (  30)                 TRAP  x21
(300E) 7080  0111000010000000 (  31)                 STR   R0 R2 #0
(300F) 14A1  0001010010100001 (  32)                 ADD   R2 R2 #1
(3010) F020  1111000000100000 (  34)                 TRAP  x20
(3011) F021  1111000000100001 (  35)                 TRAP  x21
(3012) 70C0  0111000011000000 (  36)                 STR   R0 R3 #0
(3013) 16E1  0001011011100001 (  37)                 ADD   R3 R3 #1
(3014) E00C  1110000000001100 (  39)                 LEA   R0 ENDL
(3015) F022  1111000000100010 (  40)                 TRAP  x22
(3016) 1921  0001100100100001 (  41)                 ADD   R4 R4 #1
(3017) 1B3B  0001101100111011 (  42)                 ADD   R5 R4 #-5
(3018) 09EC  0000100111101100 (  43)                 BRN   INLOOP
(3019) E007  1110000000000111 (  70)                 LEA   R0 ENDL
(301A) F022  1111000000100010 (  71)                 TRAP  x22
(301B) 4853  0100100001010011 (  73)                 JSR   MAX
(301C) 48B1  0100100010110001 (  75)                 JSR   MIN
(301D) E003  1110000000000011 (  77)                 LEA   R0 ENDL
(301E) F022  1111000000100010 (  78)                 TRAP  x22
(301F) 4915  0100100100010101 (  80)                 JSR   LETTER
(3020) F025  1111000000100101 (  82)                 TRAP  x25
(3021) 000A  0000000000001010 (  86) ENDL            .FILL x000A
(3022) 0000  0000000000000000 (  86)                 .FILL x0000
(3023) 0050  0000000001010000 (  87) MESG1           .FILL x0050
(3024) 0075  0000000001110101 (  87)                 .FILL x0075
(3025) 0074  0000000001110100 (  87)                 .FILL x0074
(3026) 0020  0000000000100000 (  87)                 .FILL x0020
(3027) 0069  0000000001101001 (  87)                 .FILL x0069
(3028) 006E  0000000001101110 (  87)                 .FILL x006E
(3029) 0020  0000000000100000 (  87)                 .FILL x0020
(302A) 0073  0000000001110011 (  87)                 .FILL x0073
(302B) 0063  0000000001100011 (  87)                 .FILL x0063
(302C) 006F  0000000001101111 (  87)                 .FILL x006F
(302D) 0072  0000000001110010 (  87)                 .FILL x0072
(302E) 0065  0000000001100101 (  87)                 .FILL x0065
(302F) 003A  0000000000111010 (  87)                 .FILL x003A
(3030) 0020  0000000000100000 (  87)                 .FILL x0020
(3031) 0000  0000000000000000 (  87)                 .FILL x0000
(3032) 004D  0000000001001101 (  88) MAXMESG         .FILL x004D
(3033) 0061  0000000001100001 (  88)                 .FILL x0061
(3034) 0078  0000000001111000 (  88)                 .FILL x0078
(3035) 0020  0000000000100000 (  88)                 .FILL x0020
(3036) 0053  0000000001010011 (  88)                 .FILL x0053
(3037) 0063  0000000001100011 (  88)                 .FILL x0063
(3038) 006F  0000000001101111 (  88)                 .FILL x006F
(3039) 0072  0000000001110010 (  88)                 .FILL x0072
(303A) 0065  0000000001100101 (  88)                 .FILL x0065
(303B) 003A  0000000000111010 (  88)                 .FILL x003A
(303C) 0020  0000000000100000 (  88)                 .FILL x0020
(303D) 0000  0000000000000000 (  88)                 .FILL x0000
(303E) 004D  0000000001001101 (  89) MINMESG         .FILL x004D
(303F) 0069  0000000001101001 (  89)                 .FILL x0069
(3040) 006E  0000000001101110 (  89)                 .FILL x006E
(3041) 0020  0000000000100000 (  89)                 .FILL x0020
(3042) 0053  0000000001010011 (  89)                 .FILL x0053
(3043) 0063  0000000001100011 (  89)                 .FILL x0063
(3044) 006F  0000000001101111 (  89)                 .FILL x006F
(3045) 0072  0000000001110010 (  89)                 .FILL x0072
(3046) 0065  0000000001100101 (  89)                 .FILL x0065
(3047) 003A  0000000000111010 (  89)                 .FILL x003A
(3048) 0020  0000000000100000 (  89)                 .FILL x0020
(3049) 0000  0000000000000000 (  89)                 .FILL x0000
(304A) 004C  0000000001001100 (  90) LETMESG1        .FILL x004C
(304B) 0065  0000000001100101 (  90)                 .FILL x0065
(304C) 0074  0000000001110100 (  90)                 .FILL x0074
(304D) 0074  0000000001110100 (  90)                 .FILL x0074
(304E) 0065  0000000001100101 (  90)                 .FILL x0065
(304F) 0072  0000000001110010 (  90)                 .FILL x0072
(3050) 0020  0000000000100000 (  90)                 .FILL x0020
(3051) 0047  0000000001000111 (  90)                 .FILL x0047
(3052) 0072  0000000001110010 (  90)                 .FILL x0072
(3053) 0061  0000000001100001 (  90)                 .FILL x0061
(3054) 0064  0000000001100100 (  90)                 .FILL x0064
(3055) 0065  0000000001100101 (  90)                 .FILL x0065
(3056) 0020  0000000000100000 (  90)                 .FILL x0020
(3057) 006F  0000000001101111 (  90)                 .FILL x006F
(3058) 0066  0000000001100110 (  90)                 .FILL x0066
(3059) 0020  0000000000100000 (  90)                 .FILL x0020
(305A) 0000  0000000000000000 (  90)                 .FILL x0000
(305B) 0020  0000000000100000 (  91) LETMESG2        .FILL x0020
(305C) 003A  0000000000111010 (  91)                 .FILL x003A
(305D) 0020  0000000000100000 (  91)                 .FILL x0020
(305E) 0000  0000000000000000 (  91)                 .FILL x0000
(305F) 3500  0011010100000000 (  94) SCORES1         .FILL x3500
(3060) 3600  0011011000000000 (  95) SCORES2         .FILL x3600
(3061) 3700  0011011100000000 (  96) SCORES3         .FILL x3700
(3062) 3300  0011001100000000 (  98) MAXI            .FILL x3300
(3063) 3301  0011001100000001 (  99) MINI            .FILL x3301
(3064) 3204  0011001000000100 ( 101) SAVER0          .FILL x3204
(3065) 3205  0011001000000101 ( 102) SAVER1          .FILL x3205
(3066) 3206  0011001000000110 ( 103) SAVER2          .FILL x3206
(3067) 3207  0011001000000111 ( 104) SAVER3          .FILL x3207
(3068) 3208  0011001000001000 ( 105) SAVER4          .FILL x3208
(3069) 3209  0011001000001001 ( 106) SAVER5          .FILL x3209
(306A) 320A  0011001000001010 ( 107) SAVER6          .FILL x320A
(306B) 320B  0011001000001011 ( 108) SAVER7          .FILL x320B
(306C) 6000  0110000000000000 ( 110) RETADDRESS      .FILL x6000
(306D) 320C  0011001000001100 ( 111) ADDRESS0        .FILL x320C
(306E) FFD0  1111111111010000 ( 113) HEXN30          .FILL xFFD0
(306F) 3FFC  0011111111111100 ( 117) MAX             ST    R7 RETADDRESS
(3070) 5B60  0101101101100000 ( 118)                 AND   R5 R5 #0
(3071) 3BF0  0011101111110000 ( 119)                 ST    R5 MAXI
(3072) 29FB  0010100111111011 ( 120)                 LD    R4 HEXN30
(3073) 1B61  0001101101100001 ( 122) MLOOP1          ADD   R5 R5 #1
(3074) 5DA0  0101110110100000 ( 123)                 AND   R6 R6 #0
(3075) 1D7B  0001110101111011 ( 124)                 ADD   R6 R5 #-5
(3076) 0443  0000010001000011 ( 125)                 BRZ   EXIT1
(3077) 23E7  0010001111100111 ( 127)                 LD    R1 SCORES1
(3078) 54A0  0101010010100000 ( 128)                 AND   R2 R2 #0
(3079) 25E8  0010010111101000 ( 129)                 LD    R2 MAXI
(307A) 1242  0001001001000010 ( 130)                 ADD   R1 R1 R2
(307B) 54A0  0101010010100000 ( 131)                 AND   R2 R2 #0
(307C) 6440  0110010001000000 ( 132)                 LDR   R2 R1 #0
(307D) 23E1  0010001111100001 ( 134)                 LD    R1 SCORES1
(307E) 1245  0001001001000101 ( 135)                 ADD   R1 R1 R5
(307F) 6640  0110011001000000 ( 136)                 LDR   R3 R1 #0
(3080) 1484  0001010010000100 ( 138)                 ADD   R2 R2 R4
(3081) 16C4  0001011011000100 ( 139)                 ADD   R3 R3 R4
(3082) 1C83  0001110010000011 ( 141)                 ADD   R6 R2 R3
(3083) 0409  0000010000001001 ( 142)                 BRZ   MLOOP2
(3084) 1CE0  0001110011100000 ( 144)                 ADD   R6 R3 #0
(3085) 05ED  0000010111101101 ( 145)                 BRZ   MLOOP1
(3086) 96FF  1001011011111111 ( 147)                 NOT   R3 R3
(3087) 16E1  0001011011100001 ( 148)                 ADD   R3 R3 #1
(3088) 5DA0  0101110110100000 ( 150)                 AND   R6 R6 #0
(3089) 1C83  0001110010000011 ( 151)                 ADD   R6 R2 R3
(308A) 082D  0000100000101101 ( 152)                 BRN   GREATER
(308B) 0401  0000010000000001 ( 153)                 BRZ   MLOOP2
(308C) 03E6  0000001111100110 ( 154)                 BRP   MLOOP1
(308D) 25D2  0010010111010010 ( 156) MLOOP2          LD    R2 SCORES2
(308E) 5260  0101001001100000 ( 157)                 AND   R1 R1 #0
(308F) 23D2  0010001111010010 ( 158)                 LD    R1 MAXI
(3090) 1481  0001010010000001 ( 159)                 ADD   R2 R2 R1
(3091) 5260  0101001001100000 ( 160)                 AND   R1 R1 #0
(3092) 6280  0110001010000000 ( 161)                 LDR   R1 R2 #0
(3093) 25CC  0010010111001100 ( 163)                 LD    R2 SCORES2
(3094) 1485  0001010010000101 ( 164)                 ADD   R2 R2 R5
(3095) 6680  0110011010000000 ( 165)                 LDR   R3 R2 #0
(3096) 1244  0001001001000100 ( 167)                 ADD   R1 R1 R4
(3097) 16C4  0001011011000100 ( 168)                 ADD   R3 R3 R4
(3098) 1C43  0001110001000011 ( 170)                 ADD   R6 R1 R3
(3099) 0409  0000010000001001 ( 171)                 BRZ   MLOOP3
(309A) 1CE0  0001110011100000 ( 173)                 ADD   R6 R3 #0
(309B) 05D7  0000010111010111 ( 174)                 BRZ   MLOOP1
(309C) 96FF  1001011011111111 ( 176)                 NOT   R3 R3
(309D) 16E1  0001011011100001 ( 177)                 ADD   R3 R3 #1
(309E) 5DA0  0101110110100000 ( 179)                 AND   R6 R6 #0
(309F) 1C43  0001110001000011 ( 180)                 ADD   R6 R1 R3
(30A0) 0817  0000100000010111 ( 181)                 BRN   GREATER
(30A1) 0401  0000010000000001 ( 182)                 BRZ   MLOOP3
(30A2) 03D0  0000001111010000 ( 183)                 BRP   MLOOP1
(30A3) 27BD  0010011110111101 ( 186) MLOOP3          LD    R3 SCORES3
(30A4) 5260  0101001001100000 ( 187)                 AND   R1 R1 #0
(30A5) 23BC  0010001110111100 ( 188)                 LD    R1 MAXI
(30A6) 16C1  0001011011000001 ( 189)                 ADD   R3 R3 R1
(30A7) 5260  0101001001100000 ( 190)                 AND   R1 R1 #0
(30A8) 62C0  0110001011000000 ( 191)                 LDR   R1 R3 #0
(30A9) 27B7  0010011110110111 ( 193)                 LD    R3 SCORES3
(30AA) 16C5  0001011011000101 ( 194)                 ADD   R3 R3 R5
(30AB) 64C0  0110010011000000 ( 195)                 LDR   R2 R3 #0
(30AC) 1244  0001001001000100 ( 197)                 ADD   R1 R1 R4
(30AD) 1484  0001010010000100 ( 198)                 ADD   R2 R2 R4
(30AE) 1C43  0001110001000011 ( 200)                 ADD   R6 R1 R3
(30AF) 0408  0000010000001000 ( 201)                 BRZ   GREATER
(30B0) 1CE0  0001110011100000 ( 203)                 ADD   R6 R3 #0
(30B1) 05C1  0000010111000001 ( 204)                 BRZ   MLOOP1
(30B2) 94BF  1001010010111111 ( 206)                 NOT   R2 R2
(30B3) 14A1  0001010010100001 ( 207)                 ADD   R2 R2 #1
(30B4) 5DA0  0101110110100000 ( 209)                 AND   R6 R6 #0
(30B5) 1C42  0001110001000010 ( 210)                 ADD   R6 R1 R2
(30B6) 0C01  0000110000000001 ( 211)                 BRNZ  GREATER
(30B7) 03BB  0000001110111011 ( 212)                 BRP   MLOOP1
(30B8) 3BA9  0011101110101001 ( 215) GREATER         ST    R5 MAXI
(30B9) 0FB9  0000111110111001 ( 216)                 BRNZP MLOOP1
(30BA) 23A4  0010001110100100 ( 218) EXIT1           LD    R1 SCORES1
(30BB) 25A4  0010010110100100 ( 219)                 LD    R2 SCORES2
(30BC) 27A4  0010011110100100 ( 220)                 LD    R3 SCORES3
(30BD) 29A4  0010100110100100 ( 221)                 LD    R4 MAXI
(30BE) 1244  0001001001000100 ( 222)                 ADD   R1 R1 R4
(30BF) 1484  0001010010000100 ( 223)                 ADD   R2 R2 R4
(30C0) 16C4  0001011011000100 ( 224)                 ADD   R3 R3 R4
(30C1) E170  1110000101110000 ( 226)                 LEA   R0 MAXMESG
(30C2) F022  1111000000100010 ( 227)                 TRAP  x22
(30C3) 6040  0110000001000000 ( 228)                 LDR   R0 R1 #0
(30C4) F021  1111000000100001 ( 229)                 TRAP  x21
(30C5) 6080  0110000010000000 ( 230)                 LDR   R0 R2 #0
(30C6) F021  1111000000100001 ( 231)                 TRAP  x21
(30C7) 60C0  0110000011000000 ( 232)                 LDR   R0 R3 #0
(30C8) F021  1111000000100001 ( 233)                 TRAP  x21
(30C9) E157  1110000101010111 ( 235)                 LEA   R0 ENDL
(30CA) F022  1111000000100010 ( 236)                 TRAP  x22
(30CB) 5FE0  0101111111100000 ( 238)                 AND   R7 R7 #0
(30CC) 2F9F  0010111110011111 ( 239)                 LD    R7 RETADDRESS
(30CD) C1C0  1100000111000000 ( 240)                 RET   
(30CE) 3E65  0011111001100101 ( 244) MIN             ST    R7 RETADDRESS2
(30CF) 5B60  0101101101100000 ( 245)                 AND   R5 R5 #0
(30D0) 5260  0101001001100000 ( 246)                 AND   R1 R1 #0
(30D1) 3B91  0011101110010001 ( 247)                 ST    R5 MINI
(30D2) 299B  0010100110011011 ( 248)                 LD    R4 HEXN30
(30D3) 1B61  0001101101100001 ( 250) NLOOP1          ADD   R5 R5 #1
(30D4) 5DA0  0101110110100000 ( 251)                 AND   R6 R6 #0
(30D5) 1D7B  0001110101111011 ( 252)                 ADD   R6 R5 #-5
(30D6) 0449  0000010001001001 ( 253)                 BRZ   EXIT2
(30D7) 2387  0010001110000111 ( 255)                 LD    R1 SCORES1
(30D8) 54A0  0101010010100000 ( 256)                 AND   R2 R2 #0
(30D9) 2589  0010010110001001 ( 257)                 LD    R2 MINI
(30DA) 1242  0001001001000010 ( 258)                 ADD   R1 R1 R2
(30DB) 54A0  0101010010100000 ( 259)                 AND   R2 R2 #0
(30DC) 6440  0110010001000000 ( 260)                 LDR   R2 R1 #0
(30DD) 2381  0010001110000001 ( 262)                 LD    R1 SCORES1
(30DE) 1245  0001001001000101 ( 263)                 ADD   R1 R1 R5
(30DF) 6640  0110011001000000 ( 264)                 LDR   R3 R1 #0
(30E0) 1484  0001010010000100 ( 266)                 ADD   R2 R2 R4
(30E1) 16C4  0001011011000100 ( 267)                 ADD   R3 R3 R4
(30E2) 1C83  0001110010000011 ( 269)                 ADD   R6 R2 R3
(30E3) 040B  0000010000001011 ( 270)                 BRZ   NLOOP2
(30E4) 1CA0  0001110010100000 ( 272)                 ADD   R6 R2 #0
(30E5) 05ED  0000010111101101 ( 273)                 BRZ   NLOOP1
(30E6) 1CE0  0001110011100000 ( 275)                 ADD   R6 R3 #0
(30E7) 0436  0000010000110110 ( 276)                 BRZ   LESSER
(30E8) 96FF  1001011011111111 ( 278)                 NOT   R3 R3
(30E9) 16E1  0001011011100001 ( 279)                 ADD   R3 R3 #1
(30EA) 5DA0  0101110110100000 ( 281)                 AND   R6 R6 #0
(30EB) 1C83  0001110010000011 ( 282)                 ADD   R6 R2 R3
(30EC) 0231  0000001000110001 ( 283)                 BRP   LESSER
(30ED) 0401  0000010000000001 ( 284)                 BRZ   NLOOP2
(30EE) 09E4  0000100111100100 ( 285)                 BRN   NLOOP1
(30EF) 2570  0010010101110000 ( 287) NLOOP2          LD    R2 SCORES2
(30F0) 5260  0101001001100000 ( 288)                 AND   R1 R1 #0
(30F1) 2371  0010001101110001 ( 289)                 LD    R1 MINI
(30F2) 1481  0001010010000001 ( 290)                 ADD   R2 R2 R1
(30F3) 5260  0101001001100000 ( 291)                 AND   R1 R1 #0
(30F4) 6280  0110001010000000 ( 292)                 LDR   R1 R2 #0
(30F5) 256A  0010010101101010 ( 294)                 LD    R2 SCORES2
(30F6) 1485  0001010010000101 ( 295)                 ADD   R2 R2 R5
(30F7) 6680  0110011010000000 ( 296)                 LDR   R3 R2 #0
(30F8) 1244  0001001001000100 ( 298)                 ADD   R1 R1 R4
(30F9) 16C4  0001011011000100 ( 299)                 ADD   R3 R3 R4
(30FA) 1C43  0001110001000011 ( 301)                 ADD   R6 R1 R3
(30FB) 040B  0000010000001011 ( 302)                 BRZ   NLOOP3
(30FC) 1C60  0001110001100000 ( 304)                 ADD   R6 R1 #0
(30FD) 05D5  0000010111010101 ( 305)                 BRZ   NLOOP1
(30FE) 1CE0  0001110011100000 ( 307)                 ADD   R6 R3 #0
(30FF) 041E  0000010000011110 ( 308)                 BRZ   LESSER
(3100) 96FF  1001011011111111 ( 310)                 NOT   R3 R3
(3101) 16E1  0001011011100001 ( 311)                 ADD   R3 R3 #1
(3102) 5DA0  0101110110100000 ( 313)                 AND   R6 R6 #0
(3103) 1C43  0001110001000011 ( 314)                 ADD   R6 R1 R3
(3104) 0219  0000001000011001 ( 315)                 BRP   LESSER
(3105) 0401  0000010000000001 ( 316)                 BRZ   NLOOP3
(3106) 09CC  0000100111001100 ( 317)                 BRN   NLOOP1
(3107) 2759  0010011101011001 ( 319) NLOOP3          LD    R3 SCORES3
(3108) 5260  0101001001100000 ( 320)                 AND   R1 R1 #0
(3109) 2359  0010001101011001 ( 321)                 LD    R1 MINI
(310A) 16C1  0001011011000001 ( 322)                 ADD   R3 R3 R1
(310B) 5260  0101001001100000 ( 323)                 AND   R1 R1 #0
(310C) 62C0  0110001011000000 ( 324)                 LDR   R1 R3 #0
(310D) 2753  0010011101010011 ( 326)                 LD    R3 SCORES3
(310E) 16C5  0001011011000101 ( 327)                 ADD   R3 R3 R5
(310F) 64C0  0110010011000000 ( 328)                 LDR   R2 R3 #0
(3110) 1244  0001001001000100 ( 330)                 ADD   R1 R1 R4
(3111) 1484  0001010010000100 ( 331)                 ADD   R2 R2 R4
(3112) 1C41  0001110001000001 ( 333)                 ADD   R6 R1 R1
(3113) 040A  0000010000001010 ( 334)                 BRZ   LESSER
(3114) 1C60  0001110001100000 ( 336)                 ADD   R6 R1 #0
(3115) 05BD  0000010110111101 ( 337)                 BRZ   NLOOP1
(3116) 1CA0  0001110010100000 ( 339)                 ADD   R6 R2 #0
(3117) 0406  0000010000000110 ( 340)                 BRZ   LESSER
(3118) 94BF  1001010010111111 ( 342)                 NOT   R2 R2
(3119) 14A1  0001010010100001 ( 343)                 ADD   R2 R2 #1
(311A) 5DA0  0101110110100000 ( 345)                 AND   R6 R6 #0
(311B) 1C42  0001110001000010 ( 346)                 ADD   R6 R1 R2
(311C) 0601  0000011000000001 ( 347)                 BRZP  LESSER
(311D) 09B5  0000100110110101 ( 348)                 BRN   NLOOP1
(311E) 3B44  0011101101000100 ( 351) LESSER          ST    R5 MINI
(311F) 0FB3  0000111110110011 ( 352)                 BRNZP NLOOP1
(3120) 233E  0010001100111110 ( 354) EXIT2           LD    R1 SCORES1
(3121) 253E  0010010100111110 ( 355)                 LD    R2 SCORES2
(3122) 273E  0010011100111110 ( 356)                 LD    R3 SCORES3
(3123) 293F  0010100100111111 ( 357)                 LD    R4 MINI
(3124) 1244  0001001001000100 ( 358)                 ADD   R1 R1 R4
(3125) 1484  0001010010000100 ( 359)                 ADD   R2 R2 R4
(3126) 16C4  0001011011000100 ( 360)                 ADD   R3 R3 R4
(3127) E116  1110000100010110 ( 362)                 LEA   R0 MINMESG
(3128) F022  1111000000100010 ( 363)                 TRAP  x22
(3129) 6040  0110000001000000 ( 364)                 LDR   R0 R1 #0
(312A) F021  1111000000100001 ( 365)                 TRAP  x21
(312B) 6080  0110000010000000 ( 366)                 LDR   R0 R2 #0
(312C) F021  1111000000100001 ( 367)                 TRAP  x21
(312D) 60C0  0110000011000000 ( 368)                 LDR   R0 R3 #0
(312E) F021  1111000000100001 ( 369)                 TRAP  x21
(312F) E049  1110000001001001 ( 371)                 LEA   R0 ENDL1
(3130) F022  1111000000100010 ( 372)                 TRAP  x22
(3131) 5FE0  0101111111100000 ( 374)                 AND   R7 R7 #0
(3132) 2E01  0010111000000001 ( 375)                 LD    R7 RETADDRESS2
(3133) C1C0  1100000111000000 ( 376)                 RET   
(3134) 6100  0110000100000000 ( 380) RETADDRESS2     .FILL x6100
(3135) 3FFE  0011111111111110 ( 384) LETTER          ST    R7 RETADDRESS2
(3136) 5FE0  0101111111100000 ( 385)                 AND   R7 R7 #0
(3137) 2327  0010001100100111 ( 387)                 LD    R1 SCORES1
(3138) 2527  0010010100100111 ( 388)                 LD    R2 SCORES2
(3139) 56E0  0101011011100000 ( 389)                 AND   R3 R3 #0
(313A) 5DA0  0101110110100000 ( 390)                 AND   R6 R6 #0
(313B) 6040  0110000001000000 ( 392) GLOOP1          LDR   R0 R1 #0
(313C) F021  1111000000100001 ( 393)                 TRAP  x21
(313D) 6080  0110000010000000 ( 394)                 LDR   R0 R2 #0
(313E) F021  1111000000100001 ( 395)                 TRAP  x21
(313F) 6640  0110011001000000 ( 397)                 LDR   R3 R1 #0
(3140) 2836  0010100000110110 ( 398)                 LD    R4 HEXN301
(3141) 16C4  0001011011000100 ( 399)                 ADD   R3 R3 R4
(3142) 16FF  0001011011111111 ( 400)                 ADD   R3 R3 #-1
(3143) 0610  0000011000010000 ( 401)                 BRZP  GRADEA
(3144) 0800  0000100000000000 ( 402)                 BRN   GLOOP2
(3145) 56E0  0101011011100000 ( 404) GLOOP2          AND   R3 R3 #0
(3146) 5920  0101100100100000 ( 405)                 AND   R4 R4 #0
(3147) 5B60  0101101101100000 ( 406)                 AND   R5 R5 #0
(3148) 6680  0110011010000000 ( 408)                 LDR   R3 R2 #0
(3149) 282D  0010100000101101 ( 409)                 LD    R4 HEXN301
(314A) 16C4  0001011011000100 ( 410)                 ADD   R3 R3 R4
(314B) 1AF7  0001101011110111 ( 412)                 ADD   R5 R3 #-9
(314C) 0607  0000011000000111 ( 413)                 BRZP  GRADEA
(314D) 1AF8  0001101011111000 ( 415)                 ADD   R5 R3 #-8
(314E) 060A  0000011000001010 ( 416)                 BRZP  GRADEB
(314F) 1AF9  0001101011111001 ( 418)                 ADD   R5 R3 #-7
(3150) 060D  0000011000001101 ( 419)                 BRZP  GRADEC
(3151) 1AFA  0001101011111010 ( 421)                 ADD   R5 R3 #-6
(3152) 0610  0000011000010000 ( 422)                 BRZP  GRADED
(3153) 0E14  0000111000010100 ( 424)                 BRNZP GRADEF
(3154) E026  1110000000100110 ( 426) GRADEA          LEA   R0 A
(3155) F022  1111000000100010 ( 427)                 TRAP  x22
(3156) E022  1110000000100010 ( 428)                 LEA   R0 ENDL1
(3157) F022  1111000000100010 ( 429)                 TRAP  x22
(3158) 0E14  0000111000010100 ( 430)                 BRNZP LOOPCNT
(3159) E025  1110000000100101 ( 432) GRADEB          LEA   R0 B
(315A) F022  1111000000100010 ( 433)                 TRAP  x22
(315B) E01D  1110000000011101 ( 434)                 LEA   R0 ENDL1
(315C) F022  1111000000100010 ( 435)                 TRAP  x22
(315D) 0E0F  0000111000001111 ( 436)                 BRNZP LOOPCNT
(315E) E024  1110000000100100 ( 438) GRADEC          LEA   R0 C
(315F) F022  1111000000100010 ( 439)                 TRAP  x22
(3160) E018  1110000000011000 ( 440)                 LEA   R0 ENDL1
(3161) F022  1111000000100010 ( 441)                 TRAP  x22
(3162) 0E0A  0000111000001010 ( 442)                 BRNZP LOOPCNT
(3163) E023  1110000000100011 ( 444) GRADED          LEA   R0 D
(3164) F022  1111000000100010 ( 445)                 TRAP  x22
(3165) E013  1110000000010011 ( 446)                 LEA   R0 ENDL1
(3166) F022  1111000000100010 ( 447)                 TRAP  x22
(3167) 0E05  0000111000000101 ( 448)                 BRNZP LOOPCNT
(3168) E022  1110000000100010 ( 450) GRADEF          LEA   R0 F
(3169) F022  1111000000100010 ( 451)                 TRAP  x22
(316A) E00E  1110000000001110 ( 452)                 LEA   R0 ENDL1
(316B) F022  1111000000100010 ( 453)                 TRAP  x22
(316C) 0E00  0000111000000000 ( 454)                 BRNZP LOOPCNT
(316D) 1261  0001001001100001 ( 456) LOOPCNT         ADD   R1 R1 #1
(316E) 14A1  0001010010100001 ( 457)                 ADD   R2 R2 #1
(316F) 1DA1  0001110110100001 ( 458)                 ADD   R6 R6 #1
(3170) 5B60  0101101101100000 ( 459)                 AND   R5 R5 #0
(3171) 1BBB  0001101110111011 ( 460)                 ADD   R5 R6 #-5
(3172) 0601  0000011000000001 ( 461)                 BRZP  EXIT3
(3173) 09C7  0000100111000111 ( 462)                 BRN   GLOOP1
(3174) 5FE0  0101111111100000 ( 464) EXIT3           AND   R7 R7 #0
(3175) 2FBE  0010111110111110 ( 465)                 LD    R7 RETADDRESS2
(3176) C1C0  1100000111000000 ( 466)                 RET   
(3177) FFD0  1111111111010000 ( 470) HEXN301         .FILL xFFD0
(3178) 0030  0000000000110000 ( 471) HEX30           .FILL x0030
(3179) 000A  0000000000001010 ( 473) ENDL1           .FILL x000A
(317A) 0000  0000000000000000 ( 473)                 .FILL x0000
(317B) 003A  0000000000111010 ( 475) A               .FILL x003A
(317C) 0020  0000000000100000 ( 475)                 .FILL x0020
(317D) 0041  0000000001000001 ( 475)                 .FILL x0041
(317E) 0000  0000000000000000 ( 475)                 .FILL x0000
(317F) 003A  0000000000111010 ( 476) B               .FILL x003A
(3180) 0020  0000000000100000 ( 476)                 .FILL x0020
(3181) 0042  0000000001000010 ( 476)                 .FILL x0042
(3182) 0000  0000000000000000 ( 476)                 .FILL x0000
(3183) 003A  0000000000111010 ( 477) C               .FILL x003A
(3184) 0020  0000000000100000 ( 477)                 .FILL x0020
(3185) 0043  0000000001000011 ( 477)                 .FILL x0043
(3186) 0000  0000000000000000 ( 477)                 .FILL x0000
(3187) 003A  0000000000111010 ( 478) D               .FILL x003A
(3188) 0020  0000000000100000 ( 478)                 .FILL x0020
(3189) 0044  0000000001000100 ( 478)                 .FILL x0044
(318A) 0000  0000000000000000 ( 478)                 .FILL x0000
(318B) 003A  0000000000111010 ( 479) F               .FILL x003A
(318C) 0020  0000000000100000 ( 479)                 .FILL x0020
(318D) 0046  0000000001000110 ( 479)                 .FILL x0046
(318E) 0000  0000000000000000 ( 479)                 .FILL x0000
